simulation data:
name	arrival_time	service_time	priority
A    	           0	           7	       2
B    	           3	           3	       1
C    	           4	           2	       3
D    	           6	           5	       2
E    	           8	           2	       3

===================================        fcfs        ===================================

    0   1   2   3   4   5   6   7   8   9  10  11  12  13  14  15  16  17  18 
A:  x   x   x   x   x   x   x                                                 
B:              *               x   x   x                                     
C:                  *                       x   x                             
D:                          *                       x   x   x   x   x         
E:                                  *                                   x   x 


name	response_time	turnaround_time
A   	            0	               7
B   	            4	               3
C   	            6	               2
D   	            6	               5
E   	            9	               2
AVG 	         5.00	            3.80



===================================    round_robin     ===================================

    0   1   2   3   4   5   6   7   8   9  10  11  12  13  14  15  16  17  18 
A:  x   x   x       x           x                   x           x             
B:              x           x               x                                 
C:                  *   x               x                                     
D:                          *       x                   x           x   x   x 
E:                                  *           x           x                 


name	response_time	turnaround_time
A   	            0	              16
B   	            0	               8
C   	            1	               5
D   	            2	              11
E   	            3	               4
AVG 	         1.20	            8.80



===================================        srt         ===================================

    0   1   2   3   4   5   6   7   8   9  10  11  12  13  14  15  16  17  18 
A:  x   x   x                               x   x   x   x                     
B:              x   x   x                                                     
C:                  *       x   x                                             
D:                          *                               x   x   x   x   x 
E:                                  x   x                                     


name	response_time	turnaround_time
A   	            0	              14
B   	            0	               3
C   	            2	               2
D   	            8	               5
E   	            0	               2
AVG 	         2.00	            5.20



===================================   round_robin_q4   ===================================

    0   1   2   3   4   5   6   7   8   9  10  11  12  13  14  15  16  17  18 
A:  x   x   x   x                       x   x   x                             
B:              *   x   x   x                                                 
C:                  *           x   x                                         
D:                          *                       x   x   x   x           x 
E:                                  *                               x   x     


name	response_time	turnaround_time
A   	            0	              12
B   	            1	               3
C   	            3	               2
D   	            6	               7
E   	            8	               2
AVG 	         3.60	            5.20



===================================       hpf_p        ===================================

    0   1   2   3   4   5   6   7   8   9  10  11  12  13  14  15  16  17  18 
A:  x   x   x   x           x   x           x                                 
B:              *                                                   x   x   x 
C:                  x   x                                                     
D:                          *                   x   x   x   x   x             
E:                                  x   x                                     


name	response_time	turnaround_time
A   	            0	              11
B   	           13	               3
C   	            0	               2
D   	            5	               5
E   	            0	               2
AVG 	         3.60	            4.60



===================================       hpf_np       ===================================

    0   1   2   3   4   5   6   7   8   9  10  11  12  13  14  15  16  17  18 
A:  x   x   x   x   x   x   x                                                 
B:              *                                                   x   x   x 
C:                  *           x   x                                         
D:                          *                   x   x   x   x   x             
E:                                  *   x   x                                 


name	response_time	turnaround_time
A   	            0	               7
B   	           13	               3
C   	            3	               2
D   	            5	               5
E   	            1	               2
AVG 	         4.40	            3.80



===================================      lottery       ===================================

    0   1   2   3   4   5   6   7   8   9  10  11  12  13  14  15  16  17  18 
A:  x   x   x   x                       x                       x   x         
B:              *       x   x       x                                         
C:                  x           x                                             
D:                          *                       x   x   x           x   x 
E:                                  *       x   x                             


name	response_time	turnaround_time
A   	            0	              17
B   	            2	               4
C   	            0	               4
D   	            6	               7
E   	            2	               2
AVG 	         2.00	            6.80



